<?xml version="1.0" encoding="UTF-8"?>
<robot generator="Robot 6.1.1 (Python 3.11.0 on win32)" generated="20231221 20:31:42.249" rpa="false" schemaversion="4">
<suite id="s1" name="Chack Order Test" source="C:\Users\admin\Downloads\E-commerce Website\test cases\chackorder\chack_order_test.robot">
<test id="s1-t1" name="Open Browser with GUI and Logging" line="13">
<kw name="Open Browser" library="SeleniumLibrary">
<arg>${shop_url}</arg>
<arg>${browser}</arg>
<arg>options=add_argument("--disable-gpu --enable-logging --v=1")</arg>
<doc>Opens a new browser instance to the optional ``url``.</doc>
<msg timestamp="20231221 20:31:42.578" level="INFO">Opening browser 'chrome' to base url 'http://127.0.0.1:8000/'.</msg>
<status status="PASS" starttime="20231221 20:31:42.577" endtime="20231221 20:31:46.020"/>
</kw>
<kw name="Execute Javascript" library="SeleniumLibrary">
<arg>document.querySelector("a.btn-2").click();</arg>
<doc>Executes the given JavaScript code with possible arguments.</doc>
<msg timestamp="20231221 20:31:46.023" level="INFO">Executing JavaScript:
document.querySelector("a.btn-2").click();
Without any arguments.</msg>
<status status="PASS" starttime="20231221 20:31:46.020" endtime="20231221 20:31:46.984"/>
</kw>
<kw name="Wait Until Element Is Visible" library="SeleniumLibrary">
<arg>//*[@id="content2-2"]/div/div[1]/h4</arg>
<doc>Waits until the element ``locator`` is visible.</doc>
<status status="PASS" starttime="20231221 20:31:46.985" endtime="20231221 20:31:47.026"/>
</kw>
<kw name="Execute Javascript" library="SeleniumLibrary">
<arg>document.querySelector("#navbarSupportedContent ul li:nth-child(4) a").click();</arg>
<doc>Executes the given JavaScript code with possible arguments.</doc>
<msg timestamp="20231221 20:31:47.028" level="INFO">Executing JavaScript:
document.querySelector("#navbarSupportedContent ul li:nth-child(4) a").click();
Without any arguments.</msg>
<status status="PASS" starttime="20231221 20:31:47.026" endtime="20231221 20:31:47.042"/>
</kw>
<kw name="Execute Javascript" library="SeleniumLibrary">
<arg>document.querySelector("#navbarSupportedContent ul li:nth-child(4) div a:nth-child(2)").click();</arg>
<doc>Executes the given JavaScript code with possible arguments.</doc>
<msg timestamp="20231221 20:31:47.043" level="INFO">Executing JavaScript:
document.querySelector("#navbarSupportedContent ul li:nth-child(4) div a:nth-child(2)").click();
Without any arguments.</msg>
<status status="PASS" starttime="20231221 20:31:47.043" endtime="20231221 20:31:47.207"/>
</kw>
<kw name="Execute Javascript" library="SeleniumLibrary">
<arg>document.querySelector("#form7-q div div:nth-child(2) form div div:nth-child(1) input").value = "${username}"</arg>
<doc>Executes the given JavaScript code with possible arguments.</doc>
<msg timestamp="20231221 20:31:47.208" level="INFO">Executing JavaScript:
document.querySelector("#form7-q div div:nth-child(2) form div div:nth-child(1) input").value = "tester"
Without any arguments.</msg>
<status status="PASS" starttime="20231221 20:31:47.207" endtime="20231221 20:31:47.227"/>
</kw>
<kw name="Execute Javascript" library="SeleniumLibrary">
<arg>document.querySelector("#form7-q div div:nth-child(2) form div div:nth-child(2) input").value = "${password}"</arg>
<doc>Executes the given JavaScript code with possible arguments.</doc>
<msg timestamp="20231221 20:31:47.232" level="INFO">Executing JavaScript:
document.querySelector("#form7-q div div:nth-child(2) form div div:nth-child(2) input").value = "1234"
Without any arguments.</msg>
<status status="PASS" starttime="20231221 20:31:47.230" endtime="20231221 20:31:47.247"/>
</kw>
<kw name="Execute Javascript" library="SeleniumLibrary">
<arg>document.querySelector("#form7-q div div:nth-child(2) form div div:nth-child(3) button").click();</arg>
<doc>Executes the given JavaScript code with possible arguments.</doc>
<msg timestamp="20231221 20:31:47.249" level="INFO">Executing JavaScript:
document.querySelector("#form7-q div div:nth-child(2) form div div:nth-child(3) button").click();
Without any arguments.</msg>
<status status="PASS" starttime="20231221 20:31:47.247" endtime="20231221 20:31:47.503"/>
</kw>
<kw name="Execute Javascript" library="SeleniumLibrary">
<arg>document.querySelector("#navbarSupportedContent ul li:nth-child(2) a").click();</arg>
<doc>Executes the given JavaScript code with possible arguments.</doc>
<msg timestamp="20231221 20:31:47.505" level="INFO">Executing JavaScript:
document.querySelector("#navbarSupportedContent ul li:nth-child(2) a").click();
Without any arguments.</msg>
<status status="PASS" starttime="20231221 20:31:47.503" endtime="20231221 20:31:47.676"/>
</kw>
<kw name="Execute Javascript" library="SeleniumLibrary">
<arg>document.evaluate('//*[@id="content2-2"]/div/div[2]/div[3]/div/div[1]/a', document, null, XPathResult.FIRST_ORDERED_NODE_TYPE, null).singleNodeValue.click();</arg>
<doc>Executes the given JavaScript code with possible arguments.</doc>
<msg timestamp="20231221 20:31:47.681" level="INFO">Executing JavaScript:
document.evaluate('//*[@id="content2-2"]/div/div[2]/div[3]/div/div[1]/a', document, null, XPathResult.FIRST_ORDERED_NODE_TYPE, null).singleNodeValue.click();
Without any arguments.</msg>
<status status="PASS" starttime="20231221 20:31:47.679" endtime="20231221 20:31:47.851"/>
</kw>
<kw name="Execute Javascript" library="SeleniumLibrary">
<arg>document.evaluate('/html/body/div/div/div/div[2]/div/div[2]/a', document, null, XPathResult.FIRST_ORDERED_NODE_TYPE, null).singleNodeValue.click();</arg>
<doc>Executes the given JavaScript code with possible arguments.</doc>
<msg timestamp="20231221 20:31:47.852" level="INFO">Executing JavaScript:
document.evaluate('/html/body/div/div/div/div[2]/div/div[2]/a', document, null, XPathResult.FIRST_ORDERED_NODE_TYPE, null).singleNodeValue.click();
Without any arguments.</msg>
<status status="PASS" starttime="20231221 20:31:47.851" endtime="20231221 20:31:48.055"/>
</kw>
<kw name="Execute Javascript" library="SeleniumLibrary">
<arg>document.evaluate('/html/body/section[3]/div/div/div/div/div/div/div[2]/div/a/button', document, null, XPathResult.FIRST_ORDERED_NODE_TYPE, null).singleNodeValue.click();</arg>
<doc>Executes the given JavaScript code with possible arguments.</doc>
<msg timestamp="20231221 20:31:48.065" level="INFO">Executing JavaScript:
document.evaluate('/html/body/section[3]/div/div/div/div/div/div/div[2]/div/a/button', document, null, XPathResult.FIRST_ORDERED_NODE_TYPE, null).singleNodeValue.click();
Without any arguments.</msg>
<status status="PASS" starttime="20231221 20:31:48.062" endtime="20231221 20:31:48.256"/>
</kw>
<kw name="Execute Javascript" library="SeleniumLibrary">
<arg>document.querySelector("#content2-2 &gt; div &gt; div &gt; div.row &gt; form &gt; div:nth-child(2) &gt; div &gt; input").value = "${contact_num}"</arg>
<doc>Executes the given JavaScript code with possible arguments.</doc>
<msg timestamp="20231221 20:31:48.257" level="INFO">Executing JavaScript:
document.querySelector("#content2-2 &gt; div &gt; div &gt; div.row &gt; form &gt; div:nth-child(2) &gt; div &gt; input").value = "0123456789"
Without any arguments.</msg>
<status status="PASS" starttime="20231221 20:31:48.256" endtime="20231221 20:31:48.276"/>
</kw>
<kw name="Execute Javascript" library="SeleniumLibrary">
<arg>document.querySelector("#content2-2 &gt; div &gt; div &gt; div.row &gt; form &gt; div:nth-child(3) &gt; div &gt; input").value = "${address}"</arg>
<doc>Executes the given JavaScript code with possible arguments.</doc>
<msg timestamp="20231221 20:31:48.281" level="INFO">Executing JavaScript:
document.querySelector("#content2-2 &gt; div &gt; div &gt; div.row &gt; form &gt; div:nth-child(3) &gt; div &gt; input").value = "House No.- Apt- Bldg- Village- Alley- Road- District- Province- Postal Code-"
Without any arguments.</msg>
<status status="PASS" starttime="20231221 20:31:48.278" endtime="20231221 20:31:48.310"/>
</kw>
<kw name="Execute Javascript" library="SeleniumLibrary">
<arg>document.querySelector("#content2-2 &gt; div &gt; div &gt; div.col-auto.mbr-section-btn.align-center &gt; button").click()</arg>
<doc>Executes the given JavaScript code with possible arguments.</doc>
<msg timestamp="20231221 20:31:48.324" level="INFO">Executing JavaScript:
document.querySelector("#content2-2 &gt; div &gt; div &gt; div.col-auto.mbr-section-btn.align-center &gt; button").click()
Without any arguments.</msg>
<status status="PASS" starttime="20231221 20:31:48.320" endtime="20231221 20:31:48.520"/>
</kw>
<kw name="Click Element" library="SeleniumLibrary">
<arg>xpath=/html/body/section[3]/div/div/a</arg>
<doc>Click the element identified by ``locator``.</doc>
<msg timestamp="20231221 20:31:48.520" level="INFO">Clicking element 'xpath=/html/body/section[3]/div/div/a'.</msg>
<status status="PASS" starttime="20231221 20:31:48.520" endtime="20231221 20:31:48.783"/>
</kw>
<kw name="Execute Javascript" library="SeleniumLibrary">
<arg>document.querySelector("#navbarSupportedContent ul li:nth-child(4) a").click();</arg>
<doc>Executes the given JavaScript code with possible arguments.</doc>
<msg timestamp="20231221 20:31:48.786" level="INFO">Executing JavaScript:
document.querySelector("#navbarSupportedContent ul li:nth-child(4) a").click();
Without any arguments.</msg>
<status status="PASS" starttime="20231221 20:31:48.784" endtime="20231221 20:31:48.804"/>
</kw>
<kw name="Execute Javascript" library="SeleniumLibrary">
<arg>document.querySelector("#navbarSupportedContent &gt; ul &gt; li:nth-child(4) &gt; div &gt; a:nth-child(1)").click();</arg>
<doc>Executes the given JavaScript code with possible arguments.</doc>
<msg timestamp="20231221 20:31:48.807" level="INFO">Executing JavaScript:
document.querySelector("#navbarSupportedContent &gt; ul &gt; li:nth-child(4) &gt; div &gt; a:nth-child(1)").click();
Without any arguments.</msg>
<status status="PASS" starttime="20231221 20:31:48.805" endtime="20231221 20:31:48.981"/>
</kw>
<kw name="Capture Page Screenshot" library="SeleniumLibrary">
<doc>Takes a screenshot of the current page and embeds it into a log file.</doc>
<msg timestamp="20231221 20:31:49.066" level="INFO" html="true">&lt;/td&gt;&lt;/tr&gt;&lt;tr&gt;&lt;td colspan="3"&gt;&lt;a href="selenium-screenshot-1.png"&gt;&lt;img src="selenium-screenshot-1.png" width="800px"&gt;&lt;/a&gt;</msg>
<status status="PASS" starttime="20231221 20:31:48.982" endtime="20231221 20:31:49.066"/>
</kw>
<kw name="Wait Until Page Contains Element" library="SeleniumLibrary">
<arg>xpath=/html/body/section[3]/div/div[2]/table/tbody/tr[2]/td[3]/a</arg>
<doc>Waits until the element ``locator`` appears on the current page.</doc>
<status status="PASS" starttime="20231221 20:31:49.067" endtime="20231221 20:31:49.088"/>
</kw>
<kw name="Wait Until Element Is Visible" library="SeleniumLibrary">
<arg>xpath=/html/body/section[3]/div/div[2]/table/tbody/tr[2]/td[3]/a</arg>
<doc>Waits until the element ``locator`` is visible.</doc>
<status status="PASS" starttime="20231221 20:31:49.088" endtime="20231221 20:31:49.124"/>
</kw>
<kw name="Click Element" library="SeleniumLibrary">
<arg>xpath=/html/body/section[3]/div/div[2]/table/tbody/tr[4]/td[3]/a</arg>
<doc>Click the element identified by ``locator``.</doc>
<msg timestamp="20231221 20:31:49.126" level="INFO">Clicking element 'xpath=/html/body/section[3]/div/div[2]/table/tbody/tr[4]/td[3]/a'.</msg>
<status status="PASS" starttime="20231221 20:31:49.124" endtime="20231221 20:31:49.314"/>
</kw>
<kw name="Capture Page Screenshot" library="SeleniumLibrary">
<doc>Takes a screenshot of the current page and embeds it into a log file.</doc>
<msg timestamp="20231221 20:31:49.401" level="INFO" html="true">&lt;/td&gt;&lt;/tr&gt;&lt;tr&gt;&lt;td colspan="3"&gt;&lt;a href="selenium-screenshot-2.png"&gt;&lt;img src="selenium-screenshot-2.png" width="800px"&gt;&lt;/a&gt;</msg>
<status status="PASS" starttime="20231221 20:31:49.314" endtime="20231221 20:31:49.402"/>
</kw>
<kw name="Close Browser" library="SeleniumLibrary">
<doc>Closes the current browser.</doc>
<status status="PASS" starttime="20231221 20:31:49.402" endtime="20231221 20:31:51.771"/>
</kw>
<status status="PASS" starttime="20231221 20:31:42.576" endtime="20231221 20:31:51.772"/>
</test>
<status status="PASS" starttime="20231221 20:31:42.252" endtime="20231221 20:31:51.774"/>
</suite>
<statistics>
<total>
<stat pass="1" fail="0" skip="0">All Tests</stat>
</total>
<tag>
</tag>
<suite>
<stat pass="1" fail="0" skip="0" id="s1" name="Chack Order Test">Chack Order Test</stat>
</suite>
</statistics>
<errors>
</errors>
</robot>
