<?xml version="1.0" encoding="UTF-8"?>
<robot generator="Robot 6.1.1 (Python 3.11.0 on win32)" generated="20231221 20:30:59.035" rpa="false" schemaversion="4">
<suite id="s1" name="Homepage Test" source="C:\Users\admin\Downloads\E-commerce Website\test cases\homepage\homepage_test.robot">
<test id="s1-t1" name="Open Browser with GUI and Logging" line="9">
<kw name="Open Browser" library="SeleniumLibrary">
<arg>${shop_url}</arg>
<arg>${browser}</arg>
<arg>options=add_argument("--disable-gpu --enable-logging --v=1")</arg>
<doc>Opens a new browser instance to the optional ``url``.</doc>
<msg timestamp="20231221 20:30:59.316" level="INFO">Opening browser 'chrome' to base url 'http://127.0.0.1:8000/'.</msg>
<status status="PASS" starttime="20231221 20:30:59.316" endtime="20231221 20:31:02.237"/>
</kw>
<kw name="Execute Javascript" library="SeleniumLibrary">
<arg>document.querySelector("a.btn-2").click();</arg>
<doc>Executes the given JavaScript code with possible arguments.</doc>
<msg timestamp="20231221 20:31:02.241" level="INFO">Executing JavaScript:
document.querySelector("a.btn-2").click();
Without any arguments.</msg>
<status status="PASS" starttime="20231221 20:31:02.237" endtime="20231221 20:31:03.132"/>
</kw>
<kw name="Wait Until Element Is Visible" library="SeleniumLibrary">
<arg>//*[@id="content2-2"]/div/div[1]/h4</arg>
<doc>Waits until the element ``locator`` is visible.</doc>
<status status="PASS" starttime="20231221 20:31:03.133" endtime="20231221 20:31:03.255"/>
</kw>
<kw name="Capture Page Screenshot" library="SeleniumLibrary">
<doc>Takes a screenshot of the current page and embeds it into a log file.</doc>
<msg timestamp="20231221 20:31:03.435" level="INFO" html="true">&lt;/td&gt;&lt;/tr&gt;&lt;tr&gt;&lt;td colspan="3"&gt;&lt;a href="selenium-screenshot-3.png"&gt;&lt;img src="selenium-screenshot-3.png" width="800px"&gt;&lt;/a&gt;</msg>
<status status="PASS" starttime="20231221 20:31:03.256" endtime="20231221 20:31:03.435"/>
</kw>
<kw name="Close Browser" library="SeleniumLibrary">
<doc>Closes the current browser.</doc>
<status status="PASS" starttime="20231221 20:31:03.435" endtime="20231221 20:31:05.636"/>
</kw>
<status status="PASS" starttime="20231221 20:30:59.315" endtime="20231221 20:31:05.637"/>
</test>
<status status="PASS" starttime="20231221 20:30:59.038" endtime="20231221 20:31:05.638"/>
</suite>
<statistics>
<total>
<stat pass="1" fail="0" skip="0">All Tests</stat>
</total>
<tag>
</tag>
<suite>
<stat pass="1" fail="0" skip="0" id="s1" name="Homepage Test">Homepage Test</stat>
</suite>
</statistics>
<errors>
</errors>
</robot>
