<?xml version="1.0" encoding="UTF-8"?>
<robot generator="Robot 6.1.1 (Python 3.11.0 on win32)" generated="20231220 14:21:13.382" rpa="false" schemaversion="4">
<suite id="s1" name="Login Test" source="C:\Users\admin\Downloads\E-commerce Website\test cases\loginpage\login_test.robot">
<test id="s1-t1" name="Open Browser with GUI and Logging" line="11">
<kw name="Open Browser" library="SeleniumLibrary">
<arg>${shop_url}</arg>
<arg>${browser}</arg>
<arg>options=add_argument("--disable-gpu --enable-logging --v=1")</arg>
<doc>Opens a new browser instance to the optional ``url``.</doc>
<msg timestamp="20231220 14:21:13.799" level="INFO">Opening browser 'chrome' to base url 'http://127.0.0.1:8000/'.</msg>
<status status="PASS" starttime="20231220 14:21:13.799" endtime="20231220 14:21:17.030"/>
</kw>
<kw name="Execute Javascript" library="SeleniumLibrary">
<arg>document.querySelector("a.btn-2").click();</arg>
<doc>Executes the given JavaScript code with possible arguments.</doc>
<msg timestamp="20231220 14:21:17.032" level="INFO">Executing JavaScript:
document.querySelector("a.btn-2").click();
Without any arguments.</msg>
<status status="PASS" starttime="20231220 14:21:17.031" endtime="20231220 14:21:17.852"/>
</kw>
<kw name="Wait Until Element Is Visible" library="SeleniumLibrary">
<arg>//*[@id="content2-2"]/div/div[1]/h4</arg>
<doc>Waits until the element ``locator`` is visible.</doc>
<status status="PASS" starttime="20231220 14:21:17.853" endtime="20231220 14:21:17.896"/>
</kw>
<kw name="Execute Javascript" library="SeleniumLibrary">
<arg>document.querySelector("#navbarSupportedContent ul li:nth-child(4) a").click();</arg>
<doc>Executes the given JavaScript code with possible arguments.</doc>
<msg timestamp="20231220 14:21:17.901" level="INFO">Executing JavaScript:
document.querySelector("#navbarSupportedContent ul li:nth-child(4) a").click();
Without any arguments.</msg>
<status status="PASS" starttime="20231220 14:21:17.899" endtime="20231220 14:21:17.917"/>
</kw>
<kw name="Capture Page Screenshot" library="SeleniumLibrary">
<doc>Takes a screenshot of the current page and embeds it into a log file.</doc>
<msg timestamp="20231220 14:21:18.102" level="INFO" html="true">&lt;/td&gt;&lt;/tr&gt;&lt;tr&gt;&lt;td colspan="3"&gt;&lt;a href="selenium-screenshot-1.png"&gt;&lt;img src="selenium-screenshot-1.png" width="800px"&gt;&lt;/a&gt;</msg>
<status status="PASS" starttime="20231220 14:21:17.917" endtime="20231220 14:21:18.102"/>
</kw>
<kw name="Execute Javascript" library="SeleniumLibrary">
<arg>document.querySelector("#navbarSupportedContent ul li:nth-child(4) div a:nth-child(2)").click();</arg>
<doc>Executes the given JavaScript code with possible arguments.</doc>
<msg timestamp="20231220 14:21:18.103" level="INFO">Executing JavaScript:
document.querySelector("#navbarSupportedContent ul li:nth-child(4) div a:nth-child(2)").click();
Without any arguments.</msg>
<status status="PASS" starttime="20231220 14:21:18.103" endtime="20231220 14:21:18.256"/>
</kw>
<kw name="Execute Javascript" library="SeleniumLibrary">
<arg>document.querySelector("#form7-q div div:nth-child(2) form div div:nth-child(1) input").value = "${username}"</arg>
<doc>Executes the given JavaScript code with possible arguments.</doc>
<msg timestamp="20231220 14:21:18.260" level="INFO">Executing JavaScript:
document.querySelector("#form7-q div div:nth-child(2) form div div:nth-child(1) input").value = "tester"
Without any arguments.</msg>
<status status="PASS" starttime="20231220 14:21:18.257" endtime="20231220 14:21:18.300"/>
</kw>
<kw name="Execute Javascript" library="SeleniumLibrary">
<arg>document.querySelector("#form7-q div div:nth-child(2) form div div:nth-child(2) input").value = "${password}"</arg>
<doc>Executes the given JavaScript code with possible arguments.</doc>
<msg timestamp="20231220 14:21:18.301" level="INFO">Executing JavaScript:
document.querySelector("#form7-q div div:nth-child(2) form div div:nth-child(2) input").value = "1234"
Without any arguments.</msg>
<status status="PASS" starttime="20231220 14:21:18.300" endtime="20231220 14:21:18.317"/>
</kw>
<kw name="Capture Page Screenshot" library="SeleniumLibrary">
<doc>Takes a screenshot of the current page and embeds it into a log file.</doc>
<msg timestamp="20231220 14:21:18.440" level="INFO" html="true">&lt;/td&gt;&lt;/tr&gt;&lt;tr&gt;&lt;td colspan="3"&gt;&lt;a href="selenium-screenshot-2.png"&gt;&lt;img src="selenium-screenshot-2.png" width="800px"&gt;&lt;/a&gt;</msg>
<status status="PASS" starttime="20231220 14:21:18.318" endtime="20231220 14:21:18.440"/>
</kw>
<kw name="Execute Javascript" library="SeleniumLibrary">
<arg>document.querySelector("#form7-q div div:nth-child(2) form div div:nth-child(3) button").click()</arg>
<doc>Executes the given JavaScript code with possible arguments.</doc>
<msg timestamp="20231220 14:21:18.448" level="INFO">Executing JavaScript:
document.querySelector("#form7-q div div:nth-child(2) form div div:nth-child(3) button").click()
Without any arguments.</msg>
<status status="PASS" starttime="20231220 14:21:18.446" endtime="20231220 14:21:18.742"/>
</kw>
<kw name="Execute Javascript" library="SeleniumLibrary">
<arg>document.querySelector("#navbarSupportedContent ul li:nth-child(2) a").click();</arg>
<doc>Executes the given JavaScript code with possible arguments.</doc>
<msg timestamp="20231220 14:21:18.755" level="INFO">Executing JavaScript:
document.querySelector("#navbarSupportedContent ul li:nth-child(2) a").click();
Without any arguments.</msg>
<status status="PASS" starttime="20231220 14:21:18.753" endtime="20231220 14:21:19.008"/>
</kw>
<kw name="Execute Javascript" library="SeleniumLibrary">
<arg>document.querySelector("#navbarSupportedContent ul li:nth-child(4) a").click();</arg>
<doc>Executes the given JavaScript code with possible arguments.</doc>
<msg timestamp="20231220 14:21:19.013" level="INFO">Executing JavaScript:
document.querySelector("#navbarSupportedContent ul li:nth-child(4) a").click();
Without any arguments.</msg>
<status status="PASS" starttime="20231220 14:21:19.011" endtime="20231220 14:21:19.037"/>
</kw>
<kw name="Wait Until Element Is Visible" library="SeleniumLibrary">
<arg>//*[@id="navbarSupportedContent"]/ul/li[4]/a</arg>
<doc>Waits until the element ``locator`` is visible.</doc>
<status status="PASS" starttime="20231220 14:21:19.038" endtime="20231220 14:21:19.145"/>
</kw>
<kw name="Capture Page Screenshot" library="SeleniumLibrary">
<doc>Takes a screenshot of the current page and embeds it into a log file.</doc>
<msg timestamp="20231220 14:21:19.354" level="INFO" html="true">&lt;/td&gt;&lt;/tr&gt;&lt;tr&gt;&lt;td colspan="3"&gt;&lt;a href="selenium-screenshot-3.png"&gt;&lt;img src="selenium-screenshot-3.png" width="800px"&gt;&lt;/a&gt;</msg>
<status status="PASS" starttime="20231220 14:21:19.145" endtime="20231220 14:21:19.354"/>
</kw>
<kw name="Close Browser" library="SeleniumLibrary">
<doc>Closes the current browser.</doc>
<status status="PASS" starttime="20231220 14:21:19.361" endtime="20231220 14:21:21.724"/>
</kw>
<status status="PASS" starttime="20231220 14:21:13.798" endtime="20231220 14:21:21.725"/>
</test>
<status status="PASS" starttime="20231220 14:21:13.384" endtime="20231220 14:21:21.727"/>
</suite>
<statistics>
<total>
<stat pass="1" fail="0" skip="0">All Tests</stat>
</total>
<tag>
</tag>
<suite>
<stat pass="1" fail="0" skip="0" id="s1" name="Login Test">Login Test</stat>
</suite>
</statistics>
<errors>
</errors>
</robot>
